----------------------------------------------------------------
Wed Apr 15 23:46:23 CDT 2020:
Booting Derby version The Apache Software Foundation - Apache Derby - 10.14.2.0 - (1828579): instance a816c00e-0171-814f-301a-0000020d56e0 
on database directory memory:C:\Users\Usuario\Desktop\MetroV2\testdb with class loader sun.misc.Launcher$AppClassLoader@73d16e93 
Loaded from file:/C:/Users/Usuario/.m2/repository/org/apache/derby/derby/10.14.2.0/derby-10.14.2.0.jar
java.vendor=Oracle Corporation
java.runtime.version=1.8.0_241-b07
user.dir=C:\Users\Usuario\Desktop\MetroV2
os.name=Windows 10
os.arch=amd64
os.version=10.0
derby.system.home=null
Database Class Loader started - derby.database.classpath=''
----------------------------------------------------------------
Thu Apr 16 00:02:37 CDT 2020:
Shutting down instance a816c00e-0171-814f-301a-0000020d56e0 on database directory memory:C:\Users\Usuario\Desktop\MetroV2\testdb with class loader sun.misc.Launcher$AppClassLoader@73d16e93 
----------------------------------------------------------------
Thu Apr 16 00:02:54 CDT 2020:
Booting Derby version The Apache Software Foundation - Apache Derby - 10.14.2.0 - (1828579): instance 176240b2-0171-814f-301a-0000020d56e0 
on database directory memory:C:\Users\Usuario\Desktop\MetroV2\testdb with class loader sun.misc.Launcher$AppClassLoader@73d16e93 
Loaded from file:/C:/Users/Usuario/.m2/repository/org/apache/derby/derby/10.14.2.0/derby-10.14.2.0.jar
java.vendor=Oracle Corporation
java.runtime.version=1.8.0_241-b07
user.dir=C:\Users\Usuario\Desktop\MetroV2
os.name=Windows 10
os.arch=amd64
os.version=10.0
derby.system.home=null
Database Class Loader started - derby.database.classpath=''
